# JRE version: Java(TM) SE Runtime Environment 18.9 (11.0.7+8) (build 11.0.7+8-LTS)
# Java VM: Java HotSpot(TM) 64-Bit Server VM 18.9 (11.0.7+8-LTS, mixed mode, tiered, compressed oops, g1 gc, windows-amd64)
Heap:
 garbage-first heap   total 234496K, used 97297K [0x00000000a0000000, 0x0000000100000000)
  region size 1024K, 2 young (2048K), 2 survivors (2048K)
 Metaspace       used 175667K, capacity 188200K, committed 190880K, reserved 1208320K
  class space    used 25558K, capacity 31811K, committed 32256K, reserved 1048576K
GC Heap History (10 events):
Event: 85.479 GC heap before
{Heap before GC invocations=51 (full 0):
 garbage-first heap   total 157696K, used 136189K [0x00000000a0000000, 0x0000000100000000)
  region size 1024K, 7 young (7168K), 1 survivors (1024K)
 Metaspace       used 177156K, capacity 189940K, committed 190112K, reserved 1208320K
  class space    used 25760K, capacity 32143K, committed 32256K, reserved 1048576K
}
Event: 85.481 GC heap after
{Heap after GC invocations=52 (full 0):
 garbage-first heap   total 157696K, used 131456K [0x00000000a0000000, 0x0000000100000000)
  region size 1024K, 1 young (1024K), 1 survivors (1024K)
 Metaspace       used 177156K, capacity 189940K, committed 190112K, reserved 1208320K
  class space    used 25760K, capacity 32143K, committed 32256K, reserved 1048576K
}
Event: 85.696 GC heap before
{Heap before GC invocations=52 (full 0):
 garbage-first heap   total 157696K, used 137600K [0x00000000a0000000, 0x0000000100000000)
  region size 1024K, 7 young (7168K), 1 survivors (1024K)
 Metaspace       used 177344K, capacity 190211K, committed 190368K, reserved 1208320K
  class space    used 25769K, capacity 32157K, committed 32256K, reserved 1048576K
}
Event: 85.698 GC heap after
{Heap after GC invocations=53 (full 0):
 garbage-first heap   total 157696K, used 132002K [0x00000000a0000000, 0x0000000100000000)
  region size 1024K, 1 young (1024K), 1 survivors (1024K)
 Metaspace       used 177344K, capacity 190211K, committed 190368K, reserved 1208320K
  class space    used 25769K, capacity 32157K, committed 32256K, reserved 1048576K
}
Event: 85.789 GC heap before
{Heap before GC invocations=53 (full 0):
 garbage-first heap   total 157696K, used 138146K [0x00000000a0000000, 0x0000000100000000)
  region size 1024K, 7 young (7168K), 1 survivors (1024K)
 Metaspace       used 177388K, capacity 190221K, committed 190368K, reserved 1208320K
  class space    used 25769K, capacity 32157K, committed 32256K, reserved 1048576K
}
Event: 85.791 GC heap after
{Heap after GC invocations=54 (full 0):
 garbage-first heap   total 157696K, used 132385K [0x00000000a0000000, 0x0000000100000000)
  region size 1024K, 1 young (1024K), 1 survivors (1024K)
 Metaspace       used 177388K, capacity 190221K, committed 190368K, reserved 1208320K
  class space    used 25769K, capacity 32157K, committed 32256K, reserved 1048576K
}
Event: 86.075 GC heap before
{Heap before GC invocations=54 (full 0):
 garbage-first heap   total 157696K, used 138529K [0x00000000a0000000, 0x0000000100000000)
  region size 1024K, 7 young (7168K), 1 survivors (1024K)
 Metaspace       used 177717K, capacity 190571K, committed 190624K, reserved 1208320K
  class space    used 25831K, capacity 32245K, committed 32256K, reserved 1048576K
}
Event: 86.077 GC heap after
{Heap after GC invocations=55 (full 0):
 garbage-first heap   total 157696K, used 132603K [0x00000000a0000000, 0x0000000100000000)
  region size 1024K, 1 young (1024K), 1 survivors (1024K)
 Metaspace       used 177717K, capacity 190571K, committed 190624K, reserved 1208320K
  class space    used 25831K, capacity 32245K, committed 32256K, reserved 1048576K
}
Event: 86.296 GC heap before
{Heap before GC invocations=55 (full 0):
 garbage-first heap   total 157696K, used 138747K [0x00000000a0000000, 0x0000000100000000)
  region size 1024K, 7 young (7168K), 1 survivors (1024K)
 Metaspace       used 177735K, capacity 190578K, committed 190624K, reserved 1208320K
  class space    used 25831K, capacity 32245K, committed 32256K, reserved 1048576K
}
Event: 86.297 GC heap after
{Heap after GC invocations=56 (full 0):
 garbage-first heap   total 157696K, used 132696K [0x00000000a0000000, 0x0000000100000000)
  region size 1024K, 1 young (1024K), 1 survivors (1024K)
 Metaspace       used 177735K, capacity 190578K, committed 190624K, reserved 1208320K
  class space    used 25831K, capacity 32245K, committed 32256K, reserved 1048576K
}

